<?xml version="1.0" encoding="utf-8"?><testsuites name="pytest tests"><testsuite name="pytest" errors="0" failures="0" skipped="0" tests="11" time="1.482" timestamp="2026-01-10T20:55:26.840142+00:00" hostname="agent-env-b56b085a-57fe-4b74-91de-b0674408ab03"><testcase classname="tests.test_critical_components.TestCriticalComponentsAPI" name="test_get_critical_components_empty_list" time="0.308" /><testcase classname="tests.test_critical_components.TestCriticalComponentsAPI" name="test_get_critical_components_invalid_aircraft" time="0.044" /><testcase classname="tests.test_critical_components.TestCriticalComponentsAPI" name="test_reprocess_components_endpoint_exists" time="0.044" /><testcase classname="tests.test_critical_components.TestCriticalComponentsAPI" name="test_reprocess_invalid_aircraft" time="0.043" /><testcase classname="tests.test_critical_components.TestCriticalComponentsAPI" name="test_unauthorized_access" time="0.006" /><testcase classname="tests.test_critical_components.TestComponentCalculations" name="test_time_since_install_calculation" time="0.413" /><testcase classname="tests.test_critical_components.TestComponentCalculations" name="test_remaining_hours_calculation" time="0.044" /><testcase classname="tests.test_critical_components.TestComponentCalculations" name="test_status_calculation" time="0.052" /><testcase classname="tests.test_critical_components.TestMongoDBIndex" name="test_aircraft_component_unique_index_exists" time="0.004" /><testcase classname="tests.test_critical_components.TestResponseStructure" name="test_critical_components_response_structure" time="0.315" /><testcase classname="tests.test_critical_components.TestResponseStructure" name="test_component_item_structure" time="0.097" /></testsuite></testsuites>