<?xml version="1.0" encoding="utf-8"?><testsuites name="pytest tests"><testsuite name="pytest" errors="0" failures="1" skipped="0" tests="18" time="1.256" timestamp="2026-01-10T21:24:38.898679+00:00" hostname="agent-env-b56b085a-57fe-4b74-91de-b0674408ab03"><testcase classname="tests.test_operational_limitations.TestLimitationsAPI" name="test_get_limitations_empty_list" time="0.323" /><testcase classname="tests.test_operational_limitations.TestLimitationsAPI" name="test_get_limitations_with_data" time="0.093" /><testcase classname="tests.test_operational_limitations.TestLimitationsAPI" name="test_get_limitations_filter_by_category" time="0.089" /><testcase classname="tests.test_operational_limitations.TestLimitationsAPI" name="test_get_limitations_invalid_category" time="0.044" /><testcase classname="tests.test_operational_limitations.TestLimitationsAPI" name="test_get_limitations_summary" time="0.044" /><testcase classname="tests.test_operational_limitations.TestLimitationsAPI" name="test_delete_limitation" time="0.053" /><testcase classname="tests.test_operational_limitations.TestLimitationsAPI" name="test_delete_limitation_not_found" time="0.045" /><testcase classname="tests.test_operational_limitations.TestLimitationsAPI" name="test_get_limitations_invalid_aircraft" time="0.044" /><testcase classname="tests.test_operational_limitations.TestLimitationsAPI" name="test_get_summary_invalid_aircraft" time="0.044" /><testcase classname="tests.test_operational_limitations.TestUnauthorizedAccess" name="test_get_limitations_unauthorized" time="0.002" /><testcase classname="tests.test_operational_limitations.TestUnauthorizedAccess" name="test_get_summary_unauthorized" time="0.002" /><testcase classname="tests.test_operational_limitations.TestUnauthorizedAccess" name="test_delete_limitation_unauthorized" time="0.001" /><testcase classname="tests.test_operational_limitations.TestLimitationDetectorPatterns" name="test_elt_patterns_detection" time="0.051" /><testcase classname="tests.test_operational_limitations.TestLimitationDetectorPatterns" name="test_avionics_patterns_detection" time="0.001"><failure message="AssertionError: Expected one of ['DAY VFR ONLY'] not found in ['VFR ONLY'] for text: Day VFR only - no night operations&#10;assert False">tests/test_operational_limitations.py:531: in test_avionics_patterns_detection
    assert found_any, \
E   AssertionError: Expected one of ['DAY VFR ONLY'] not found in ['VFR ONLY'] for text: Day VFR only - no night operations
E   assert False</failure></testcase><testcase classname="tests.test_operational_limitations.TestLimitationDetectorPatterns" name="test_general_patterns_detection" time="0.001" /><testcase classname="tests.test_operational_limitations.TestLimitationDetectorPatterns" name="test_no_false_positives" time="0.001" /><testcase classname="tests.test_operational_limitations.TestMongoDBIndex" name="test_aircraft_report_limitation_unique_index_exists" time="0.004" /><testcase classname="tests.test_operational_limitations.TestCleanup" name="test_cleanup_test_data" time="0.234" /></testsuite></testsuites>