<?xml version="1.0" encoding="utf-8"?><testsuites name="pytest tests"><testsuite name="pytest" errors="0" failures="3" skipped="0" tests="8" time="0.550" timestamp="2026-01-10T21:34:10.071073+00:00" hostname="agent-env-b56b085a-57fe-4b74-91de-b0674408ab03"><testcase classname="tests.test_ocr_mode_isolation.TestOCRModeIsolation" name="test_invoice_scan_creates_only_invoice_record" time="0.366" /><testcase classname="tests.test_ocr_mode_isolation.TestOCRModeIsolation" name="test_invoice_with_parts_list_does_not_create_part_records" time="0.007"><failure message="AssertionError: Invoice should exist&#10;assert None is not None">tests/test_ocr_mode_isolation.py:166: in test_invoice_with_parts_list_does_not_create_part_records
    assert invoice is not None, "Invoice should exist"
E   AssertionError: Invoice should exist
E   assert None is not None</failure></testcase><testcase classname="tests.test_ocr_mode_isolation.TestOCRModeIsolation" name="test_invoice_does_not_update_aircraft_hours" time="0.008" /><testcase classname="tests.test_ocr_mode_isolation.TestOCRModeIsolation" name="test_invoice_stores_financial_data" time="0.006"><failure message="assert None is not None">tests/test_ocr_mode_isolation.py:270: in test_invoice_stores_financial_data
    assert invoice is not None
E   assert None is not None</failure></testcase><testcase classname="tests.test_ocr_mode_isolation.TestOCRModeIsolation" name="test_invoice_stores_line_items_as_reference" time="0.007"><failure message="TypeError: argument of type 'NoneType' is not iterable">tests/test_ocr_mode_isolation.py:320: in test_invoice_stores_line_items_as_reference
    assert "line_items" in invoice
           ^^^^^^^^^^^^^^^^^^^^^^^
E   TypeError: argument of type 'NoneType' is not iterable</failure></testcase><testcase classname="tests.test_ocr_mode_isolation.TestOCRModeIsolation" name="test_report_scan_creates_parts_and_components" time="0.031" /><testcase classname="tests.test_ocr_mode_isolation.TestOCRModeIsolation" name="test_ocr_apply_response_includes_mode_field" time="0.010" /><testcase classname="tests.test_ocr_mode_isolation.TestOCRModeIsolation" name="test_ocr_apply_response_shows_parts_created_zero_for_invoices" time="0.007" /></testsuite></testsuites>