<?xml version="1.0" encoding="utf-8"?><testsuites name="pytest tests"><testsuite name="pytest" errors="0" failures="0" skipped="0" tests="8" time="0.444" timestamp="2026-01-10T21:37:09.003427+00:00" hostname="agent-env-b56b085a-57fe-4b74-91de-b0674408ab03"><testcase classname="tests.test_ocr_mode_isolation.TestOCRModeIsolation" name="test_invoice_scan_creates_only_invoice_record" time="0.352" /><testcase classname="tests.test_ocr_mode_isolation.TestOCRModeIsolation" name="test_invoice_with_parts_list_does_not_create_part_records" time="0.006" /><testcase classname="tests.test_ocr_mode_isolation.TestOCRModeIsolation" name="test_invoice_does_not_update_aircraft_hours" time="0.005" /><testcase classname="tests.test_ocr_mode_isolation.TestOCRModeIsolation" name="test_invoice_stores_financial_data" time="0.005" /><testcase classname="tests.test_ocr_mode_isolation.TestOCRModeIsolation" name="test_invoice_stores_line_items_as_reference" time="0.006" /><testcase classname="tests.test_ocr_mode_isolation.TestOCRModeIsolation" name="test_report_scan_creates_parts_and_components" time="0.008" /><testcase classname="tests.test_ocr_mode_isolation.TestOCRModeIsolation" name="test_ocr_apply_response_includes_mode_field" time="0.009" /><testcase classname="tests.test_ocr_mode_isolation.TestOCRModeIsolation" name="test_ocr_apply_response_shows_parts_created_zero_for_invoices" time="0.006" /></testsuite></testsuites>