<?xml version="1.0" encoding="utf-8"?><testsuites name="pytest tests"><testsuite name="pytest" errors="0" failures="1" skipped="0" tests="8" time="0.484" timestamp="2026-01-10T21:35:51.522215+00:00" hostname="agent-env-b56b085a-57fe-4b74-91de-b0674408ab03"><testcase classname="tests.test_ocr_mode_isolation.TestOCRModeIsolation" name="test_invoice_scan_creates_only_invoice_record" time="0.338"><failure message="AssertionError: Invoice count should increase by 1&#10;assert 1 == (1 + 1)">tests/test_ocr_mode_isolation.py:120: in test_invoice_scan_creates_only_invoice_record
    assert invoices_after == invoices_before + 1, f"Invoice count should increase by 1"
E   AssertionError: Invoice count should increase by 1
E   assert 1 == (1 + 1)</failure></testcase><testcase classname="tests.test_ocr_mode_isolation.TestOCRModeIsolation" name="test_invoice_with_parts_list_does_not_create_part_records" time="0.007" /><testcase classname="tests.test_ocr_mode_isolation.TestOCRModeIsolation" name="test_invoice_does_not_update_aircraft_hours" time="0.006" /><testcase classname="tests.test_ocr_mode_isolation.TestOCRModeIsolation" name="test_invoice_stores_financial_data" time="0.007" /><testcase classname="tests.test_ocr_mode_isolation.TestOCRModeIsolation" name="test_invoice_stores_line_items_as_reference" time="0.006" /><testcase classname="tests.test_ocr_mode_isolation.TestOCRModeIsolation" name="test_report_scan_creates_parts_and_components" time="0.008" /><testcase classname="tests.test_ocr_mode_isolation.TestOCRModeIsolation" name="test_ocr_apply_response_includes_mode_field" time="0.010" /><testcase classname="tests.test_ocr_mode_isolation.TestOCRModeIsolation" name="test_ocr_apply_response_shows_parts_created_zero_for_invoices" time="0.007" /></testsuite></testsuites>